<?xml version="1.0" encoding="UTF-8"?>
<!-- Generated by org.testng.reporters.JUnitReportReporter -->
<testsuite skipped="0" hostname="DESKTOP-IR0K7AC" name="com.gowrisoft.usermgmt.testsuite.DriverScript" tests="2" failures="0" timestamp="17 Jan 2021 14:17:15 GMT" time="76.501" errors="0">
  <testcase name="feature" time="38.926" classname="com.gowrisoft.usermgmt.testsuite.DriverScript"/>
  <testcase name="feature" time="37.575" classname="com.gowrisoft.usermgmt.testsuite.DriverScript"/>
</testsuite> <!-- com.gowrisoft.usermgmt.testsuite.DriverScript -->
